<?xml version="1.0" encoding="UTF-8"?>
<!-- Generated by org.testng.reporters.JUnitReportReporter -->
<testsuite hostname="LAPTOP-APIEDJQC" failures="0" tests="1" name="Academy.ETEProject.ValidateBuynow" time="3.503" errors="0" timestamp="23 Aug 2021 05:33:42 GMT">
  <testcase classname="Academy.ETEProject.ValidateBuynow" name="validateBuynow" time="3.503"/>
</testsuite> <!-- Academy.ETEProject.ValidateBuynow -->
