<?xml version="1.0" encoding="UTF-8"?>
<!-- Generated by org.testng.reporters.JUnitReportReporter -->
<testsuite hostname="LAPTOP-APIEDJQC" failures="0" tests="1" name="Academy.ETEProject.validateTitle" time="7.458" errors="0" timestamp="23 Aug 2021 06:18:13 GMT">
  <testcase classname="Academy.ETEProject.validateTitle" name="basePageNavigation" time="7.458"/>
</testsuite> <!-- Academy.ETEProject.validateTitle -->
