<?xml version="1.0" encoding="UTF-8"?>
<!-- Generated by org.testng.reporters.JUnitReportReporter -->
<testsuite hostname="LAPTOP-APIEDJQC" failures="0" tests="1" name="Academy.ETEProject.Assert" time="6.600" errors="0" timestamp="19 Aug 2021 18:05:56 GMT">
  <testcase classname="Academy.ETEProject.Assert" name="assertion" time="6.600"/>
</testsuite> <!-- Academy.ETEProject.Assert -->
