<?xml version="1.0" encoding="UTF-8"?>
<!-- Generated by org.testng.reporters.JUnitReportReporter -->
<testsuite hostname="LAPTOP-APIEDJQC" failures="0" tests="1" name="Academy.ETEProject.LoginPageLanding" time="10.004" errors="0" timestamp="23 Aug 2021 05:47:14 GMT">
  <testcase classname="Academy.ETEProject.LoginPageLanding" name="validateredirection" time="10.004"/>
</testsuite> <!-- Academy.ETEProject.LoginPageLanding -->
