<?xml version="1.0" encoding="UTF-8"?>
<!-- Generated by org.testng.reporters.JUnitReportReporter -->
<testsuite hostname="LAPTOP-APIEDJQC" failures="0" tests="1" name="Academy.ETEProject.ValidateBuynow" time="3.693" errors="0" timestamp="20 Aug 2021 12:27:29 GMT">
  <testcase classname="Academy.ETEProject.ValidateBuynow" name="validateBuynow" time="3.693"/>
</testsuite> <!-- Academy.ETEProject.ValidateBuynow -->
