<?xml version="1.0" encoding="UTF-8"?>
<!-- Generated by org.testng.reporters.JUnitReportReporter -->
<testsuite hostname="LAPTOP-APIEDJQC" failures="0" tests="2" name="Academy.ETEProject.HomePage" time="16.294" errors="0" timestamp="21 Aug 2021 07:54:30 GMT">
  <testcase classname="Academy.ETEProject.HomePage" name="basePageNavigation" time="9.540"/>
  <testcase classname="Academy.ETEProject.HomePage" name="basePageNavigationNoValues" time="6.754"/>
</testsuite> <!-- Academy.ETEProject.HomePage -->
