<?xml version="1.0" encoding="UTF-8"?>
<!-- Generated by org.testng.reporters.JUnitReportReporter -->
<testsuite hostname="LAPTOP-APIEDJQC" failures="0" tests="1" name="Academy.ETEProject.LoginPage" time="2.286" errors="0" timestamp="20 Aug 2021 13:10:39 GMT">
  <testcase classname="Academy.ETEProject.LoginPage" name="validateredirection" time="2.286"/>
</testsuite> <!-- Academy.ETEProject.LoginPage -->
