<?xml version="1.0" encoding="UTF-8"?>
<!-- Generated by org.testng.reporters.JUnitReportReporter -->
<testsuite hostname="LAPTOP-APIEDJQC" failures="0" tests="1" name="Academy.ETEProject.LoginPageLanding" time="8.648" errors="0" timestamp="21 Aug 2021 07:26:13 GMT">
  <testcase classname="Academy.ETEProject.LoginPageLanding" name="validateredirection" time="8.648"/>
</testsuite> <!-- Academy.ETEProject.LoginPageLanding -->
