<?xml version="1.0" encoding="UTF-8"?>
<!-- Generated by org.testng.reporters.JUnitReportReporter -->
<testsuite hostname="LAPTOP-APIEDJQC" failures="0" tests="2" name="Academy.ETEProject.ValidateWidgets" time="9.526" errors="0" timestamp="23 Aug 2021 06:18:13 GMT">
  <testcase classname="Academy.ETEProject.ValidateWidgets" name="ValidatewidgetYoumaylike" time="0.118"/>
  <testcase classname="Academy.ETEProject.ValidateWidgets" name="ValidteViewMoreOfWidget" time="9.408"/>
</testsuite> <!-- Academy.ETEProject.ValidateWidgets -->
