<?xml version="1.0" encoding="UTF-8"?>
<!-- Generated by org.testng.reporters.JUnitReportReporter -->
<testsuite hostname="LAPTOP-APIEDJQC" failures="0" tests="1" name="Academy.ETEProject.validateTitle" time="8.221" errors="0" timestamp="21 Aug 2021 07:54:30 GMT">
  <testcase classname="Academy.ETEProject.validateTitle" name="basePageNavigation" time="8.221"/>
</testsuite> <!-- Academy.ETEProject.validateTitle -->
