<?xml version="1.0" encoding="UTF-8"?>
<!-- Generated by org.testng.reporters.JUnitReportReporter -->
<testsuite hostname="LAPTOP-APIEDJQC" failures="0" tests="2" name="Academy.ETEProject.ValidateWidgets" time="9.268" errors="0" timestamp="21 Aug 2021 07:54:30 GMT">
  <testcase classname="Academy.ETEProject.ValidateWidgets" name="ValidteViewMoreOfWidget" time="9.154"/>
  <testcase classname="Academy.ETEProject.ValidateWidgets" name="ValidatewidgetYoumaylike" time="0.114"/>
</testsuite> <!-- Academy.ETEProject.ValidateWidgets -->
