<?xml version="1.0" encoding="UTF-8"?>
<!-- Generated by org.testng.reporters.JUnitReportReporter -->
<testsuite hostname="LAPTOP-APIEDJQC" failures="0" tests="3" name="Academy.ETEProject.validateNavbar" time="11.910" errors="0" timestamp="23 Aug 2021 06:18:13 GMT">
  <testcase classname="Academy.ETEProject.validateNavbar" name="getnamemenucount" time="0.019"/>
  <testcase classname="Academy.ETEProject.validateNavbar" name="menuoptionsclick" time="5.012"/>
  <testcase classname="Academy.ETEProject.validateNavbar" name="basePageNavigation" time="6.879"/>
</testsuite> <!-- Academy.ETEProject.validateNavbar -->
