<?xml version="1.0" encoding="UTF-8"?>
<!-- Generated by org.testng.reporters.JUnitReportReporter -->
<testsuite hostname="LAPTOP-APIEDJQC" failures="0" tests="3" name="Academy.ETEProject.validateNavbar" time="5.929" errors="0" timestamp="21 Aug 2021 07:54:30 GMT">
  <testcase classname="Academy.ETEProject.validateNavbar" name="basePageNavigation" time="0.032"/>
  <testcase classname="Academy.ETEProject.validateNavbar" name="menuoptionsclick" time="5.878"/>
  <testcase classname="Academy.ETEProject.validateNavbar" name="getnamemenucount" time="0.019"/>
</testsuite> <!-- Academy.ETEProject.validateNavbar -->
