<?xml version="1.0" encoding="UTF-8"?>
<!-- Generated by org.testng.reporters.JUnitReportReporter -->
<testsuite hostname="LAPTOP-APIEDJQC" failures="0" tests="2" name="Academy.ETEProject.HomePage" time="14.540" errors="0" timestamp="23 Aug 2021 06:18:13 GMT">
  <testcase classname="Academy.ETEProject.HomePage" name="basePageNavigationNoValues" time="3.860"/>
  <testcase classname="Academy.ETEProject.HomePage" name="basePageNavigation" time="10.680"/>
</testsuite> <!-- Academy.ETEProject.HomePage -->
