<?xml version="1.0" encoding="UTF-8"?>
<!-- Generated by org.testng.reporters.JUnitReportReporter -->
<testsuite hostname="LAPTOP-APIEDJQC" name="Academy.ETEProject.AppTest" tests="1" failures="0" timestamp="8 Aug 2021 12:46:02 GMT" time="0.001" errors="0">
  <testcase name="shouldAnswerWithTrue" time="0.001" classname="Academy.ETEProject.AppTest"/>
</testsuite> <!-- Academy.ETEProject.AppTest -->
