<?xml version="1.0" encoding="UTF-8"?>
<!-- Generated by org.testng.reporters.JUnitReportReporter -->
<testsuite hostname="LAPTOP-APIEDJQC" name="Academy.ETEProject.AppTest" tests="1" failures="0" timestamp="23 Aug 2021 06:20:33 GMT" time="0.002" errors="0">
  <testcase name="shouldAnswerWithTrue" time="0.002" classname="Academy.ETEProject.AppTest"/>
</testsuite> <!-- Academy.ETEProject.AppTest -->
